<?xml version="1.0" encoding="UTF-8"?>
<coverage generated="1754243403094" clover="3.2.0">
  <project timestamp="1754243403095" name="All files">
    <metrics statements="18" coveredstatements="17" conditionals="2" coveredconditionals="1" methods="11" coveredmethods="10" elements="31" coveredelements="28" complexity="0" loc="18" ncloc="18" packages="2" files="6" classes="6"/>
    <package name="src">
      <metrics statements="3" coveredstatements="3" conditionals="0" coveredconditionals="0" methods="2" coveredmethods="2"/>
      <file name="App.jsx" path="/opt/purebliss/website/src/App.jsx">
        <metrics statements="3" coveredstatements="3" conditionals="0" coveredconditionals="0" methods="2" coveredmethods="2"/>
        <line num="8" count="1" type="stmt"/>
        <line num="9" count="1" type="stmt"/>
        <line num="35" count="3" type="stmt"/>
      </file>
    </package>
    <package name="src.components">
      <metrics statements="15" coveredstatements="14" conditionals="2" coveredconditionals="1" methods="9" coveredmethods="8"/>
      <file name="Footer.jsx" path="/opt/purebliss/website/src/components/Footer.jsx">
        <metrics statements="3" coveredstatements="3" conditionals="0" coveredconditionals="0" methods="2" coveredmethods="2"/>
        <line num="2" count="1" type="stmt"/>
        <line num="3" count="1" type="stmt"/>
        <line num="7" count="3" type="stmt"/>
      </file>
      <file name="Header.jsx" path="/opt/purebliss/website/src/components/Header.jsx">
        <metrics statements="5" coveredstatements="4" conditionals="2" coveredconditionals="1" methods="3" coveredmethods="2"/>
        <line num="2" count="1" type="stmt"/>
        <line num="3" count="1" type="stmt"/>
        <line num="4" count="1" type="stmt"/>
        <line num="20" count="4" type="stmt"/>
        <line num="31" count="0" type="stmt"/>
      </file>
      <file name="Hero.jsx" path="/opt/purebliss/website/src/components/Hero.jsx">
        <metrics statements="3" coveredstatements="3" conditionals="0" coveredconditionals="0" methods="2" coveredmethods="2"/>
        <line num="2" count="1" type="stmt"/>
        <line num="3" count="1" type="stmt"/>
        <line num="23" count="3" type="stmt"/>
      </file>
      <file name="MenuCard.jsx" path="/opt/purebliss/website/src/components/MenuCard.jsx">
        <metrics statements="2" coveredstatements="2" conditionals="0" coveredconditionals="0" methods="1" coveredmethods="1"/>
        <line num="2" count="1" type="stmt"/>
        <line num="3" count="3" type="stmt"/>
      </file>
      <file name="VibesSection.jsx" path="/opt/purebliss/website/src/components/VibesSection.jsx">
        <metrics statements="2" coveredstatements="2" conditionals="0" coveredconditionals="0" methods="1" coveredmethods="1"/>
        <line num="2" count="1" type="stmt"/>
        <line num="3" count="1" type="stmt"/>
      </file>
    </package>
  </project>
</coverage>
