{"/opt/purebliss/website/src/App.jsx": {"path":"/opt/purebliss/website/src/App.jsx","statementMap":{"0":{"start":{"line":8,"column":12},"end":{"line":43,"column":1}},"1":{"start":{"line":9,"column":2},"end":{"line":42,"column":8}},"2":{"start":{"line":35,"column":12},"end":{"line":35,"column":50}}},"fnMap":{"0":{"name":"(anonymous_0)","decl":{"start":{"line":8,"column":12},"end":{"line":8,"column":13}},"loc":{"start":{"line":9,"column":2},"end":{"line":42,"column":8}},"line":9},"1":{"name":"(anonymous_1)","decl":{"start":{"line":34,"column":16},"end":{"line":34,"column":17}},"loc":{"start":{"line":35,"column":12},"end":{"line":35,"column":50}},"line":35}},"branchMap":{},"s":{"0":1,"1":1,"2":3},"f":{"0":1,"1":3},"b":{},"_coverageSchema":"1a1c01bbd47fc00a2c39e90264f33305004495a9","hash":"1113f3d78219fdb66abc0752dc2cb719542b59e3"}
,"/opt/purebliss/website/src/components/Footer.jsx": {"path":"/opt/purebliss/website/src/components/Footer.jsx","statementMap":{"0":{"start":{"line":2,"column":15},"end":{"line":21,"column":1}},"1":{"start":{"line":3,"column":2},"end":{"line":20,"column":11}},"2":{"start":{"line":7,"column":10},"end":{"line":13,"column":14}}},"fnMap":{"0":{"name":"(anonymous_0)","decl":{"start":{"line":2,"column":15},"end":{"line":2,"column":16}},"loc":{"start":{"line":3,"column":2},"end":{"line":20,"column":11}},"line":3},"1":{"name":"(anonymous_1)","decl":{"start":{"line":6,"column":48},"end":{"line":6,"column":49}},"loc":{"start":{"line":7,"column":10},"end":{"line":13,"column":14}},"line":7}},"branchMap":{},"s":{"0":1,"1":1,"2":3},"f":{"0":1,"1":3},"b":{},"_coverageSchema":"1a1c01bbd47fc00a2c39e90264f33305004495a9","hash":"03c1136c0cc4dea5c31add53a919490dbd3393f6"}
,"/opt/purebliss/website/src/components/Header.jsx": {"path":"/opt/purebliss/website/src/components/Header.jsx","statementMap":{"0":{"start":{"line":2,"column":15},"end":{"line":49,"column":1}},"1":{"start":{"line":3,"column":30},"end":{"line":3,"column":45}},"2":{"start":{"line":4,"column":2},"end":{"line":48,"column":4}},"3":{"start":{"line":20,"column":10},"end":{"line":26,"column":14}},"4":{"start":{"line":31,"column":23},"end":{"line":31,"column":41}}},"fnMap":{"0":{"name":"(anonymous_0)","decl":{"start":{"line":2,"column":15},"end":{"line":2,"column":16}},"loc":{"start":{"line":2,"column":21},"end":{"line":49,"column":1}},"line":2},"1":{"name":"(anonymous_1)","decl":{"start":{"line":19,"column":49},"end":{"line":19,"column":50}},"loc":{"start":{"line":20,"column":10},"end":{"line":26,"column":14}},"line":20},"2":{"name":"(anonymous_2)","decl":{"start":{"line":31,"column":17},"end":{"line":31,"column":18}},"loc":{"start":{"line":31,"column":23},"end":{"line":31,"column":41}},"line":31}},"branchMap":{"0":{"loc":{"start":{"line":16,"column":10},"end":{"line":16,"column":37}},"type":"cond-expr","locations":[{"start":{"line":16,"column":19},"end":{"line":16,"column":26}},{"start":{"line":16,"column":29},"end":{"line":16,"column":37}}],"line":16}},"s":{"0":1,"1":1,"2":1,"3":4,"4":0},"f":{"0":1,"1":4,"2":0},"b":{"0":[0,1]},"_coverageSchema":"1a1c01bbd47fc00a2c39e90264f33305004495a9","hash":"180d5fa1ff2e17747fe2090753e56a93b18a45ec"}
,"/opt/purebliss/website/src/components/Hero.jsx": {"path":"/opt/purebliss/website/src/components/Hero.jsx","statementMap":{"0":{"start":{"line":2,"column":13},"end":{"line":33,"column":1}},"1":{"start":{"line":3,"column":2},"end":{"line":32,"column":12}},"2":{"start":{"line":23,"column":10},"end":{"line":28,"column":12}}},"fnMap":{"0":{"name":"(anonymous_0)","decl":{"start":{"line":2,"column":13},"end":{"line":2,"column":14}},"loc":{"start":{"line":3,"column":2},"end":{"line":32,"column":12}},"line":3},"1":{"name":"(anonymous_1)","decl":{"start":{"line":22,"column":40},"end":{"line":22,"column":41}},"loc":{"start":{"line":23,"column":10},"end":{"line":28,"column":12}},"line":23}},"branchMap":{},"s":{"0":1,"1":1,"2":3},"f":{"0":1,"1":3},"b":{},"_coverageSchema":"1a1c01bbd47fc00a2c39e90264f33305004495a9","hash":"60b438e8437f49a6f4b47e5bdff00f4719165333"}
,"/opt/purebliss/website/src/components/MenuCard.jsx": {"path":"/opt/purebliss/website/src/components/MenuCard.jsx","statementMap":{"0":{"start":{"line":2,"column":17},"end":{"line":18,"column":1}},"1":{"start":{"line":3,"column":2},"end":{"line":17,"column":8}}},"fnMap":{"0":{"name":"(anonymous_0)","decl":{"start":{"line":2,"column":17},"end":{"line":2,"column":18}},"loc":{"start":{"line":3,"column":2},"end":{"line":17,"column":8}},"line":3}},"branchMap":{},"s":{"0":1,"1":3},"f":{"0":3},"b":{},"_coverageSchema":"1a1c01bbd47fc00a2c39e90264f33305004495a9","hash":"d6b1038f3bf8237b949b7cfa7d55aabcf6380187"}
,"/opt/purebliss/website/src/components/VibesSection.jsx": {"path":"/opt/purebliss/website/src/components/VibesSection.jsx","statementMap":{"0":{"start":{"line":2,"column":21},"end":{"line":24,"column":1}},"1":{"start":{"line":3,"column":2},"end":{"line":23,"column":12}}},"fnMap":{"0":{"name":"(anonymous_0)","decl":{"start":{"line":2,"column":21},"end":{"line":2,"column":22}},"loc":{"start":{"line":3,"column":2},"end":{"line":23,"column":12}},"line":3}},"branchMap":{},"s":{"0":1,"1":1},"f":{"0":1},"b":{},"_coverageSchema":"1a1c01bbd47fc00a2c39e90264f33305004495a9","hash":"37103bb79106d68767a0cd77e9a8a55aa2352e86"}
}
